Determining if the CL_VERSION_2_0 exist failed with the following output:
Change Dir: /home/shapeare/Documents/xmr-stak/build/CMakeFiles/CMakeTmp

Run Build Command:"/usr/bin/make" "cmTC_8cf7b/fast"
/usr/bin/make -f CMakeFiles/cmTC_8cf7b.dir/build.make CMakeFiles/cmTC_8cf7b.dir/build
make[1]: Entering directory '/home/shapeare/Documents/xmr-stak/build/CMakeFiles/CMakeTmp'
Building C object CMakeFiles/cmTC_8cf7b.dir/CheckSymbolExists.c.o
/usr/bin/cc    -march=native -mtune=native     -o CMakeFiles/cmTC_8cf7b.dir/CheckSymbolExists.c.o   -c /home/shapeare/Documents/xmr-stak/build/CMakeFiles/CMakeTmp/CheckSymbolExists.c
/home/shapeare/Documents/xmr-stak/build/CMakeFiles/CMakeTmp/CheckSymbolExists.c:2:47: fatal error: OpenCL_INCLUDE_DIR-NOTFOUND/CL/cl.h: No such file or directory
compilation terminated.
CMakeFiles/cmTC_8cf7b.dir/build.make:65: recipe for target 'CMakeFiles/cmTC_8cf7b.dir/CheckSymbolExists.c.o' failed
make[1]: *** [CMakeFiles/cmTC_8cf7b.dir/CheckSymbolExists.c.o] Error 1
make[1]: Leaving directory '/home/shapeare/Documents/xmr-stak/build/CMakeFiles/CMakeTmp'
Makefile:126: recipe for target 'cmTC_8cf7b/fast' failed
make: *** [cmTC_8cf7b/fast] Error 2

File /home/shapeare/Documents/xmr-stak/build/CMakeFiles/CMakeTmp/CheckSymbolExists.c:
/* */
#include <OpenCL_INCLUDE_DIR-NOTFOUND/CL/cl.h>

int main(int argc, char** argv)
{
  (void)argv;
#ifndef CL_VERSION_2_0
  return ((int*)(&CL_VERSION_2_0))[argc];
#else
  (void)argc;
  return 0;
#endif
}

Determining if the CL_VERSION_1_2 exist failed with the following output:
Change Dir: /home/shapeare/Documents/xmr-stak/build/CMakeFiles/CMakeTmp

Run Build Command:"/usr/bin/make" "cmTC_cdce4/fast"
/usr/bin/make -f CMakeFiles/cmTC_cdce4.dir/build.make CMakeFiles/cmTC_cdce4.dir/build
make[1]: Entering directory '/home/shapeare/Documents/xmr-stak/build/CMakeFiles/CMakeTmp'
Building C object CMakeFiles/cmTC_cdce4.dir/CheckSymbolExists.c.o
/usr/bin/cc    -march=native -mtune=native     -o CMakeFiles/cmTC_cdce4.dir/CheckSymbolExists.c.o   -c /home/shapeare/Documents/xmr-stak/build/CMakeFiles/CMakeTmp/CheckSymbolExists.c
/home/shapeare/Documents/xmr-stak/build/CMakeFiles/CMakeTmp/CheckSymbolExists.c:2:47: fatal error: OpenCL_INCLUDE_DIR-NOTFOUND/CL/cl.h: No such file or directory
compilation terminated.
CMakeFiles/cmTC_cdce4.dir/build.make:65: recipe for target 'CMakeFiles/cmTC_cdce4.dir/CheckSymbolExists.c.o' failed
make[1]: *** [CMakeFiles/cmTC_cdce4.dir/CheckSymbolExists.c.o] Error 1
make[1]: Leaving directory '/home/shapeare/Documents/xmr-stak/build/CMakeFiles/CMakeTmp'
Makefile:126: recipe for target 'cmTC_cdce4/fast' failed
make: *** [cmTC_cdce4/fast] Error 2

File /home/shapeare/Documents/xmr-stak/build/CMakeFiles/CMakeTmp/CheckSymbolExists.c:
/* */
#include <OpenCL_INCLUDE_DIR-NOTFOUND/CL/cl.h>

int main(int argc, char** argv)
{
  (void)argv;
#ifndef CL_VERSION_1_2
  return ((int*)(&CL_VERSION_1_2))[argc];
#else
  (void)argc;
  return 0;
#endif
}

Determining if the CL_VERSION_1_1 exist failed with the following output:
Change Dir: /home/shapeare/Documents/xmr-stak/build/CMakeFiles/CMakeTmp

Run Build Command:"/usr/bin/make" "cmTC_83f33/fast"
/usr/bin/make -f CMakeFiles/cmTC_83f33.dir/build.make CMakeFiles/cmTC_83f33.dir/build
make[1]: Entering directory '/home/shapeare/Documents/xmr-stak/build/CMakeFiles/CMakeTmp'
Building C object CMakeFiles/cmTC_83f33.dir/CheckSymbolExists.c.o
/usr/bin/cc    -march=native -mtune=native     -o CMakeFiles/cmTC_83f33.dir/CheckSymbolExists.c.o   -c /home/shapeare/Documents/xmr-stak/build/CMakeFiles/CMakeTmp/CheckSymbolExists.c
/home/shapeare/Documents/xmr-stak/build/CMakeFiles/CMakeTmp/CheckSymbolExists.c:2:47: fatal error: OpenCL_INCLUDE_DIR-NOTFOUND/CL/cl.h: No such file or directory
compilation terminated.
CMakeFiles/cmTC_83f33.dir/build.make:65: recipe for target 'CMakeFiles/cmTC_83f33.dir/CheckSymbolExists.c.o' failed
make[1]: *** [CMakeFiles/cmTC_83f33.dir/CheckSymbolExists.c.o] Error 1
make[1]: Leaving directory '/home/shapeare/Documents/xmr-stak/build/CMakeFiles/CMakeTmp'
Makefile:126: recipe for target 'cmTC_83f33/fast' failed
make: *** [cmTC_83f33/fast] Error 2

File /home/shapeare/Documents/xmr-stak/build/CMakeFiles/CMakeTmp/CheckSymbolExists.c:
/* */
#include <OpenCL_INCLUDE_DIR-NOTFOUND/CL/cl.h>

int main(int argc, char** argv)
{
  (void)argv;
#ifndef CL_VERSION_1_1
  return ((int*)(&CL_VERSION_1_1))[argc];
#else
  (void)argc;
  return 0;
#endif
}

Determining if the CL_VERSION_1_0 exist failed with the following output:
Change Dir: /home/shapeare/Documents/xmr-stak/build/CMakeFiles/CMakeTmp

Run Build Command:"/usr/bin/make" "cmTC_a84bd/fast"
/usr/bin/make -f CMakeFiles/cmTC_a84bd.dir/build.make CMakeFiles/cmTC_a84bd.dir/build
make[1]: Entering directory '/home/shapeare/Documents/xmr-stak/build/CMakeFiles/CMakeTmp'
Building C object CMakeFiles/cmTC_a84bd.dir/CheckSymbolExists.c.o
/usr/bin/cc    -march=native -mtune=native     -o CMakeFiles/cmTC_a84bd.dir/CheckSymbolExists.c.o   -c /home/shapeare/Documents/xmr-stak/build/CMakeFiles/CMakeTmp/CheckSymbolExists.c
/home/shapeare/Documents/xmr-stak/build/CMakeFiles/CMakeTmp/CheckSymbolExists.c:2:47: fatal error: OpenCL_INCLUDE_DIR-NOTFOUND/CL/cl.h: No such file or directory
compilation terminated.
CMakeFiles/cmTC_a84bd.dir/build.make:65: recipe for target 'CMakeFiles/cmTC_a84bd.dir/CheckSymbolExists.c.o' failed
make[1]: *** [CMakeFiles/cmTC_a84bd.dir/CheckSymbolExists.c.o] Error 1
make[1]: Leaving directory '/home/shapeare/Documents/xmr-stak/build/CMakeFiles/CMakeTmp'
Makefile:126: recipe for target 'cmTC_a84bd/fast' failed
make: *** [cmTC_a84bd/fast] Error 2

File /home/shapeare/Documents/xmr-stak/build/CMakeFiles/CMakeTmp/CheckSymbolExists.c:
/* */
#include <OpenCL_INCLUDE_DIR-NOTFOUND/CL/cl.h>

int main(int argc, char** argv)
{
  (void)argv;
#ifndef CL_VERSION_1_0
  return ((int*)(&CL_VERSION_1_0))[argc];
#else
  (void)argc;
  return 0;
#endif
}

Determining if the pthread_create exist failed with the following output:
Change Dir: /home/shapeare/Documents/xmr-stak/build/CMakeFiles/CMakeTmp

Run Build Command:"/usr/bin/make" "cmTC_a653b/fast"
/usr/bin/make -f CMakeFiles/cmTC_a653b.dir/build.make CMakeFiles/cmTC_a653b.dir/build
make[1]: Entering directory '/home/shapeare/Documents/xmr-stak/build/CMakeFiles/CMakeTmp'
Building C object CMakeFiles/cmTC_a653b.dir/CheckSymbolExists.c.o
/usr/bin/cc    -march=native -mtune=native     -o CMakeFiles/cmTC_a653b.dir/CheckSymbolExists.c.o   -c /home/shapeare/Documents/xmr-stak/build/CMakeFiles/CMakeTmp/CheckSymbolExists.c
Linking C executable cmTC_a653b
/usr/bin/cmake -E cmake_link_script CMakeFiles/cmTC_a653b.dir/link.txt --verbose=1
/usr/bin/cc  -march=native -mtune=native      CMakeFiles/cmTC_a653b.dir/CheckSymbolExists.c.o  -o cmTC_a653b -rdynamic 
CMakeFiles/cmTC_a653b.dir/CheckSymbolExists.c.o: In function `main':
CheckSymbolExists.c:(.text+0x16): undefined reference to `pthread_create'
collect2: error: ld returned 1 exit status
CMakeFiles/cmTC_a653b.dir/build.make:97: recipe for target 'cmTC_a653b' failed
make[1]: *** [cmTC_a653b] Error 1
make[1]: Leaving directory '/home/shapeare/Documents/xmr-stak/build/CMakeFiles/CMakeTmp'
Makefile:126: recipe for target 'cmTC_a653b/fast' failed
make: *** [cmTC_a653b/fast] Error 2

File /home/shapeare/Documents/xmr-stak/build/CMakeFiles/CMakeTmp/CheckSymbolExists.c:
/* */
#include <pthread.h>

int main(int argc, char** argv)
{
  (void)argv;
#ifndef pthread_create
  return ((int*)(&pthread_create))[argc];
#else
  (void)argc;
  return 0;
#endif
}

Determining if the function pthread_create exists in the pthreads failed with the following output:
Change Dir: /home/shapeare/Documents/xmr-stak/build/CMakeFiles/CMakeTmp

Run Build Command:"/usr/bin/make" "cmTC_6a7a3/fast"
/usr/bin/make -f CMakeFiles/cmTC_6a7a3.dir/build.make CMakeFiles/cmTC_6a7a3.dir/build
make[1]: Entering directory '/home/shapeare/Documents/xmr-stak/build/CMakeFiles/CMakeTmp'
Building C object CMakeFiles/cmTC_6a7a3.dir/CheckFunctionExists.c.o
/usr/bin/cc    -march=native -mtune=native  -DCHECK_FUNCTION_EXISTS=pthread_create   -o CMakeFiles/cmTC_6a7a3.dir/CheckFunctionExists.c.o   -c /usr/share/cmake-3.5/Modules/CheckFunctionExists.c
Linking C executable cmTC_6a7a3
/usr/bin/cmake -E cmake_link_script CMakeFiles/cmTC_6a7a3.dir/link.txt --verbose=1
/usr/bin/cc  -march=native -mtune=native  -DCHECK_FUNCTION_EXISTS=pthread_create    CMakeFiles/cmTC_6a7a3.dir/CheckFunctionExists.c.o  -o cmTC_6a7a3 -rdynamic -lpthreads 
/usr/bin/ld: cannot find -lpthreads
collect2: error: ld returned 1 exit status
CMakeFiles/cmTC_6a7a3.dir/build.make:97: recipe for target 'cmTC_6a7a3' failed
make[1]: *** [cmTC_6a7a3] Error 1
make[1]: Leaving directory '/home/shapeare/Documents/xmr-stak/build/CMakeFiles/CMakeTmp'
Makefile:126: recipe for target 'cmTC_6a7a3/fast' failed
make: *** [cmTC_6a7a3/fast] Error 2


